#
# There is insufficient memory for the Java Runtime Environment to continue.
# Native memory allocation (malloc) failed to allocate 1048576 bytes for AllocateHeap
# Possible reasons:
#   The system is out of physical RAM or swap space
#   In 32 bit mode, the process size limit was hit
# Possible solutions:
#   Reduce memory load on the system
#   Increase physical memory or swap space
#   Check if swap backing store is full
#   Use 64 bit Java on a 64 bit OS
#   Decrease Java heap size (-Xmx/-Xms)
#   Decrease number of Java threads
#   Decrease Java thread stack sizes (-Xss)
#   Set larger code cache with -XX:ReservedCodeCacheSize=
# This output file may be truncated or incomplete.
#
#  Out of Memory Error (memory/allocation.inline.hpp:61), pid=24772, tid=0x0000000000009850
#
# JRE version:  (8.0_121-b13) (build )
# Java VM: Java HotSpot(TM) 64-Bit Server VM (25.121-b13 mixed mode windows-amd64 compressed oops)
# Failed to write core dump. Minidumps are not enabled by default on client versions of Windows
#

---------------  T H R E A D  ---------------

Current thread (0x000000000344e800):  JavaThread "Unknown thread" [_thread_in_vm, id=38992, stack(0x0000000003450000,0x0000000003550000)]

Stack: [0x0000000003450000,0x0000000003550000]
[error occurred during error reporting (printing stack bounds), id 0xc0000005]

Native frames: (J=compiled Java code, j=interpreted, Vv=VM code, C=native code)


---------------  P R O C E S S  ---------------

Java Threads: ( => current thread )

Other Threads:

=>0x000000000344e800 (exited) JavaThread "Unknown thread" [_thread_in_vm, id=38992, stack(0x0000000003450000,0x0000000003550000)]

VM state:not at safepoint (normal execution)

VM Mutex/Monitor currently owned by a thread: None

Heap:
 PSYoungGen      total 38400K, used 665K [0x00000000d5580000, 0x00000000d8000000, 0x0000000100000000)
  eden space 33280K, 2% used [0x00000000d5580000,0x00000000d5626670,0x00000000d7600000)
  from space 5120K, 0% used [0x00000000d7b00000,0x00000000d7b00000,0x00000000d8000000)
  to   space 5120K, 0% used [0x00000000d7600000,0x00000000d7600000,0x00000000d7b00000)
 ParOldGen       total 87552K, used 0K [0x0000000080000000, 0x0000000085580000, 0x00000000d5580000)
  object space 87552K, 0% used [0x0000000080000000,0x0000000080000000,0x0000000085580000)
 Metaspace       used 770K, capacity 4480K, committed 4480K, reserved 1056768K
  class space    used 75K, capacity 384K, committed 384K, reserved 1048576K

Card table byte_map: [0x0000000012a10000,0x0000000012e20000] byte_map_base: 0x0000000012610000

Marking Bits: (ParMarkBitMap*) 0x000000005764b6d0
 Begin Bits: [0x00000000134d0000, 0x00000000154d0000)
 End Bits:   [0x00000000154d0000, 0x00000000174d0000)

Polling page: 0x0000000003340000

CodeCache: size=245760Kb used=328Kb max_used=328Kb free=245431Kb
 bounds [0x0000000003650000, 0x00000000038c0000, 0x0000000012650000]
 total_blobs=57 nmethods=0 adapters=38
 compilation: enabled

Compilation events (0 events):
No events

GC Heap History (0 events):
No events

Deoptimization events (0 events):
No events

Internal exceptions (0 events):
No events

Events (10 events):
Event: 0.025 loading class java/lang/Short
Event: 0.025 loading class java/lang/Short done
Event: 0.025 loading class java/lang/Integer
Event: 0.025 loading class java/lang/Integer done
Event: 0.025 loading class java/lang/Long
Event: 0.025 loading class java/lang/Long done
Event: 0.026 loading class java/lang/NullPointerException
Event: 0.026 loading class java/lang/NullPointerException done
Event: 0.026 loading class java/lang/ArithmeticException
Event: 0.026 loading class java/lang/ArithmeticException done


Dynamic libraries:
0x00007ff60cd90000 - 0x00007ff60cdc7000 	C:\Program Files\Java\jdk1.8.0_121\bin\java.exe
0x00007ffea6200000 - 0x00007ffea63e1000 	C:\WINDOWS\SYSTEM32\ntdll.dll
0x00007ffea5210000 - 0x00007ffea52c2000 	C:\WINDOWS\System32\KERNEL32.DLL
0x00007ffea31c0000 - 0x00007ffea3433000 	C:\WINDOWS\System32\KERNELBASE.dll
0x00007ffea3690000 - 0x00007ffea3731000 	C:\WINDOWS\System32\ADVAPI32.dll
0x00007ffea6130000 - 0x00007ffea61ce000 	C:\WINDOWS\System32\msvcrt.dll
0x00007ffea56d0000 - 0x00007ffea572b000 	C:\WINDOWS\System32\sechost.dll
0x00007ffea55a0000 - 0x00007ffea56c4000 	C:\WINDOWS\System32\RPCRT4.dll
0x00007ffea5cd0000 - 0x00007ffea5e60000 	C:\WINDOWS\System32\USER32.dll
0x00007ffea2990000 - 0x00007ffea29b0000 	C:\WINDOWS\System32\win32u.dll
0x00007ffea6070000 - 0x00007ffea6098000 	C:\WINDOWS\System32\GDI32.dll
0x00007ffea2750000 - 0x00007ffea28e2000 	C:\WINDOWS\System32\gdi32full.dll
0x00007ffea28f0000 - 0x00007ffea298f000 	C:\WINDOWS\System32\msvcp_win.dll
0x00007ffea29b0000 - 0x00007ffea2aaa000 	C:\WINDOWS\System32\ucrtbase.dll
0x00007ffea0750000 - 0x00007ffea09b9000 	C:\WINDOWS\WinSxS\amd64_microsoft.windows.common-controls_6595b64144ccf1df_6.0.17134.376_none_fb439a3730647da2\COMCTL32.dll
0x00007ffea58f0000 - 0x00007ffea5c13000 	C:\WINDOWS\System32\combase.dll
0x00007ffea26d0000 - 0x00007ffea274a000 	C:\WINDOWS\System32\bcryptPrimitives.dll
0x00007ffea38a0000 - 0x00007ffea38cd000 	C:\WINDOWS\System32\IMM32.DLL
0x00007ffea23b0000 - 0x00007ffea240d000 	C:\Program Files\Citrix\System32\MfApHook64.dll
0x00007ffea1c90000 - 0x00007ffea1cbb000 	C:\Program Files\Citrix\ICAService\CtxDodHook64.dll
0x00007ffea22d0000 - 0x00007ffea2302000 	C:\Program Files\Citrix\ICAService\picaFullScreenHookX64.dll
0x00007ffea1cc0000 - 0x00007ffea1d0e000 	C:\Program Files\Citrix\ICAService\ShellHook64.dll
0x00007ffea3dc0000 - 0x00007ffea51ff000 	C:\WINDOWS\System32\SHELL32.dll
0x00007ffea2680000 - 0x00007ffea26c9000 	C:\WINDOWS\System32\cfgmgr32.dll
0x00007ffea5c20000 - 0x00007ffea5cc9000 	C:\WINDOWS\System32\shcore.dll
0x00007ffea2ab0000 - 0x00007ffea31bd000 	C:\WINDOWS\System32\windows.storage.dll
0x00007ffea6010000 - 0x00007ffea6061000 	C:\WINDOWS\System32\shlwapi.dll
0x00007ffea2590000 - 0x00007ffea25a1000 	C:\WINDOWS\System32\kernel.appcore.dll
0x00007ffea2570000 - 0x00007ffea258f000 	C:\WINDOWS\System32\profapi.dll
0x00007ffea2510000 - 0x00007ffea255c000 	C:\WINDOWS\System32\powrprof.dll
0x00007ffea2560000 - 0x00007ffea256a000 	C:\WINDOWS\System32\FLTLIB.DLL
0x00007ffea1b10000 - 0x00007ffea1c8e000 	C:\Program Files\Citrix\ICAService\SCardHook64.dll
0x00007ffea1a70000 - 0x00007ffea1a9a000 	C:\Program Files\Citrix\ICAService\cxinjime64.dll
0x00007ffea1a20000 - 0x00007ffea1a68000 	C:\Program Files\Citrix\ICAService\PicaWtsHook64.dll
0x0000000057f70000 - 0x0000000058042000 	C:\Program Files\Java\jdk1.8.0_121\jre\bin\msvcr100.dll
0x0000000056e30000 - 0x00000000576cb000 	C:\Program Files\Java\jdk1.8.0_121\jre\bin\server\jvm.dll
0x00007ffea60a0000 - 0x00007ffea60a8000 	C:\WINDOWS\System32\PSAPI.DLL
0x00007ffe9f010000 - 0x00007ffe9f033000 	C:\WINDOWS\SYSTEM32\WINMM.dll
0x00007ffea21c0000 - 0x00007ffea21ca000 	C:\WINDOWS\SYSTEM32\VERSION.dll
0x00007ffe9efb0000 - 0x00007ffe9efda000 	C:\WINDOWS\SYSTEM32\WINMMBASE.dll
0x00007ffe93bc0000 - 0x00007ffe93bc9000 	C:\WINDOWS\SYSTEM32\WSOCK32.dll
0x00007ffea52d0000 - 0x00007ffea533c000 	C:\WINDOWS\System32\WS2_32.dll
0x0000000058310000 - 0x000000005831f000 	C:\Program Files\Java\jdk1.8.0_121\jre\bin\verify.dll
0x00000000582e0000 - 0x0000000058309000 	C:\Program Files\Java\jdk1.8.0_121\jre\bin\java.dll
0x00000000582c0000 - 0x00000000582d6000 	C:\Program Files\Java\jdk1.8.0_121\jre\bin\zip.dll

VM Arguments:
java_command: com.capgemini.spring.client.CalculatorMain
java_class_path (initial): src;bin;lib/aspectjweaver-1.8.0.jar;lib/commons-logging-1.2-javadoc.jar;lib/commons-logging-1.2.jar;lib/spring-aop-4.3.9.RELEASE-javadoc.jar;lib/spring-aop-4.3.9.RELEASE-sources.jar;lib/spring-aop-4.3.9.RELEASE.jar;lib/spring-aspects-4.3.9.RELEASE-javadoc.jar;lib/spring-aspects-4.3.9.RELEASE-sources.jar;lib/spring-aspects-4.3.9.RELEASE.jar;lib/spring-beans-4.3.9.RELEASE-javadoc.jar;lib/spring-beans-4.3.9.RELEASE-sources.jar;lib/spring-beans-4.3.9.RELEASE.jar;lib/spring-context-4.3.9.RELEASE-javadoc.jar;lib/spring-context-4.3.9.RELEASE-sources.jar;lib/spring-context-4.3.9.RELEASE.jar;lib/spring-context-support-4.3.9.RELEASE-javadoc.jar;lib/spring-context-support-4.3.9.RELEASE-sources.jar;lib/spring-context-support-4.3.9.RELEASE.jar;lib/spring-core-4.3.9.RELEASE-javadoc.jar;lib/spring-core-4.3.9.RELEASE-sources.jar;lib/spring-core-4.3.9.RELEASE.jar;lib/spring-expression-4.3.9.RELEASE-javadoc.jar;lib/spring-expression-4.3.9.RELEASE-sources.jar;lib/spring-expression-4.3.9.RELEASE.jar;lib/spring-instrument-4.3.9.RELEASE-javadoc.jar;lib/spring-instrument-4.3.9.RELEASE-sources.jar;lib/spring-instrument-4.3.9.RELEASE.jar;lib/spring-instrument-tomcat-4.3.9.RELEASE-javadoc.jar;lib/spring-instrument-tomcat-4.3.9.RELEASE-sources.jar;lib/spring-instrument-tomcat-4.3.9.RELEASE.jar;lib/spring-jdbc-4.3.9.RELEASE-javadoc.jar;lib/spring-jdbc-4.3.9.RELEASE-sources.jar;lib/spring-jdbc-4.3.9.RELEASE.jar;lib/spring-jms-4.3.9.RELEASE-javadoc.jar;lib/spring-jms-4.3.9.RELEASE-sources.jar;lib/spring-jms-4.3.9.RELEASE.jar;lib/spring-messaging-4.3.9.RELEASE-javadoc.jar;lib/spring-messaging-4.3.9.RELEASE-sources.jar;lib/spring-messaging-4.3.9.RELEASE.jar;lib/spring-orm-4.3.9.RELEASE-javadoc.jar;lib/spring-orm-4.3.9.RELEASE-sources.jar;lib/spring-orm-4.3.9.RELEASE.jar;lib/spring-oxm-4.3.9.RELEASE-javadoc.jar;lib/spring-oxm-4.3.9.RELEASE-sources.jar;lib/spring-oxm-4.3.9.RELEASE.jar;lib/spring-test-4.3.9.RELEASE-javadoc.jar;lib/spring-test-4.3.9.RELEASE-sources.jar;lib
Launcher Type: SUN_STANDARD

Environment Variables:
PATH=C:\Program Files\Java\jdk1.8.0_121\bin
USERNAME=gusana
OS=Windows_NT
PROCESSOR_IDENTIFIER=Intel64 Family 15 Model 6 Stepping 1, GenuineIntel



---------------  S Y S T E M  ---------------

OS: Windows 10.0 , 64 bit Build 17134 (10.0.17134.1)

CPU:total 4 (2 cores per cpu, 1 threads per core) family 15 model 6 stepping 1, cmov, cx8, fxsr, mmx, sse, sse2, sse3, ssse3, sse4.1, sse4.2, popcnt, avx, avx2, aes, clmul, erms, rtm, 3dnowpref, lzcnt, tsc, bmi1, bmi2, adx

Memory: 4k page, physical 8388056k(405716k free), swap 18697820k(5768k free)

vm_info: Java HotSpot(TM) 64-Bit Server VM (25.121-b13) for windows-amd64 JRE (1.8.0_121-b13), built on Dec 12 2016 18:21:36 by "java_re" with MS VC++ 10.0 (VS2010)

time: Mon Apr 08 17:50:22 2019
elapsed time: 0 seconds (0d 0h 0m 0s)

